{"C:\\Users\\dylan\\Documents\\repos\\shoppingPlatformPractice\\src\\context\\AuthContext.tsx": {"path":"C:\\Users\\dylan\\Documents\\repos\\shoppingPlatformPractice\\src\\context\\AuthContext.tsx","all":false,"statementMap":{"0":{"start":{"line":1,"column":0},"end":{"line":1,"column":73}},"1":{"start":{"line":2,"column":0},"end":{"line":2,"column":59}},"2":{"start":{"line":3,"column":0},"end":{"line":3,"column":72}},"3":{"start":{"line":4,"column":0},"end":{"line":4,"column":8}},"4":{"start":{"line":5,"column":0},"end":{"line":5,"column":29}},"5":{"start":{"line":6,"column":0},"end":{"line":6,"column":10}},"6":{"start":{"line":7,"column":0},"end":{"line":7,"column":33}},"7":{"start":{"line":8,"column":0},"end":{"line":8,"column":17}},"8":{"start":{"line":9,"column":0},"end":{"line":9,"column":23}},"9":{"start":{"line":10,"column":0},"end":{"line":10,"column":54}},"10":{"start":{"line":11,"column":0},"end":{"line":11,"column":8}},"11":{"start":{"line":12,"column":0},"end":{"line":12,"column":24}},"12":{"start":{"line":13,"column":0},"end":{"line":13,"column":12}},"13":{"start":{"line":14,"column":0},"end":{"line":14,"column":13}},"14":{"start":{"line":15,"column":0},"end":{"line":15,"column":18}},"15":{"start":{"line":16,"column":0},"end":{"line":16,"column":21}},"16":{"start":{"line":17,"column":0},"end":{"line":17,"column":0}},"17":{"start":{"line":18,"column":0},"end":{"line":18,"column":74}},"18":{"start":{"line":19,"column":0},"end":{"line":19,"column":0}},"19":{"start":{"line":20,"column":0},"end":{"line":20,"column":70}},"20":{"start":{"line":21,"column":0},"end":{"line":21,"column":24}},"21":{"start":{"line":22,"column":0},"end":{"line":22,"column":19}},"22":{"start":{"line":23,"column":0},"end":{"line":23,"column":14}},"23":{"start":{"line":24,"column":0},"end":{"line":24,"column":17}},"24":{"start":{"line":25,"column":0},"end":{"line":25,"column":30}},"25":{"start":{"line":26,"column":0},"end":{"line":26,"column":33}},"26":{"start":{"line":27,"column":0},"end":{"line":27,"column":34}},"27":{"start":{"line":28,"column":0},"end":{"line":28,"column":20}},"28":{"start":{"line":29,"column":0},"end":{"line":29,"column":8}},"29":{"start":{"line":30,"column":0},"end":{"line":30,"column":5}},"30":{"start":{"line":31,"column":0},"end":{"line":31,"column":20}},"31":{"start":{"line":32,"column":0},"end":{"line":32,"column":14}},"32":{"start":{"line":33,"column":0},"end":{"line":33,"column":17}},"33":{"start":{"line":34,"column":0},"end":{"line":34,"column":31}},"34":{"start":{"line":35,"column":0},"end":{"line":35,"column":57}},"35":{"start":{"line":36,"column":0},"end":{"line":36,"column":23}},"36":{"start":{"line":37,"column":0},"end":{"line":37,"column":20}},"37":{"start":{"line":38,"column":0},"end":{"line":38,"column":8}},"38":{"start":{"line":39,"column":0},"end":{"line":39,"column":5}},"39":{"start":{"line":40,"column":0},"end":{"line":40,"column":22}},"40":{"start":{"line":41,"column":0},"end":{"line":41,"column":20}},"41":{"start":{"line":42,"column":0},"end":{"line":42,"column":14}},"42":{"start":{"line":43,"column":0},"end":{"line":43,"column":17}},"43":{"start":{"line":44,"column":0},"end":{"line":44,"column":30}},"44":{"start":{"line":45,"column":0},"end":{"line":45,"column":34}},"45":{"start":{"line":46,"column":0},"end":{"line":46,"column":20}},"46":{"start":{"line":47,"column":0},"end":{"line":47,"column":8}},"47":{"start":{"line":48,"column":0},"end":{"line":48,"column":5}},"48":{"start":{"line":49,"column":0},"end":{"line":49,"column":23}},"49":{"start":{"line":50,"column":0},"end":{"line":50,"column":14}},"50":{"start":{"line":51,"column":0},"end":{"line":51,"column":17}},"51":{"start":{"line":52,"column":0},"end":{"line":52,"column":28}},"52":{"start":{"line":53,"column":0},"end":{"line":53,"column":8}},"53":{"start":{"line":54,"column":0},"end":{"line":54,"column":5}},"54":{"start":{"line":55,"column":0},"end":{"line":55,"column":12}},"55":{"start":{"line":56,"column":0},"end":{"line":56,"column":19}},"56":{"start":{"line":57,"column":0},"end":{"line":57,"column":3}},"57":{"start":{"line":58,"column":0},"end":{"line":58,"column":2}},"58":{"start":{"line":59,"column":0},"end":{"line":59,"column":0}},"59":{"start":{"line":60,"column":0},"end":{"line":60,"column":63}},"60":{"start":{"line":61,"column":0},"end":{"line":61,"column":73}},"61":{"start":{"line":62,"column":0},"end":{"line":62,"column":16}},"62":{"start":{"line":63,"column":0},"end":{"line":63,"column":5}},"63":{"start":{"line":64,"column":0},"end":{"line":64,"column":29}},"64":{"start":{"line":65,"column":0},"end":{"line":65,"column":14}},"65":{"start":{"line":66,"column":0},"end":{"line":66,"column":26}},"66":{"start":{"line":67,"column":0},"end":{"line":67,"column":27}},"67":{"start":{"line":68,"column":0},"end":{"line":68,"column":8}},"68":{"start":{"line":69,"column":0},"end":{"line":69,"column":21}},"69":{"start":{"line":70,"column":0},"end":{"line":70,"column":18}},"70":{"start":{"line":71,"column":0},"end":{"line":71,"column":5}},"71":{"start":{"line":72,"column":0},"end":{"line":72,"column":4}},"72":{"start":{"line":73,"column":0},"end":{"line":73,"column":68}},"73":{"start":{"line":74,"column":0},"end":{"line":74,"column":0}},"74":{"start":{"line":75,"column":0},"end":{"line":75,"column":19}},"75":{"start":{"line":76,"column":0},"end":{"line":76,"column":29}},"76":{"start":{"line":77,"column":0},"end":{"line":77,"column":30}},"77":{"start":{"line":78,"column":0},"end":{"line":78,"column":0}},"78":{"start":{"line":79,"column":0},"end":{"line":79,"column":23}},"79":{"start":{"line":80,"column":0},"end":{"line":80,"column":21}},"80":{"start":{"line":81,"column":0},"end":{"line":81,"column":20}},"81":{"start":{"line":82,"column":0},"end":{"line":82,"column":31}},"82":{"start":{"line":83,"column":0},"end":{"line":83,"column":8}},"83":{"start":{"line":84,"column":0},"end":{"line":84,"column":9}},"84":{"start":{"line":85,"column":0},"end":{"line":85,"column":49}},"85":{"start":{"line":86,"column":0},"end":{"line":86,"column":63}},"86":{"start":{"line":87,"column":0},"end":{"line":87,"column":7}},"87":{"start":{"line":88,"column":0},"end":{"line":88,"column":0}},"88":{"start":{"line":89,"column":0},"end":{"line":89,"column":79}},"89":{"start":{"line":90,"column":0},"end":{"line":90,"column":23}},"90":{"start":{"line":91,"column":0},"end":{"line":91,"column":13}},"91":{"start":{"line":92,"column":0},"end":{"line":92,"column":17}},"92":{"start":{"line":93,"column":0},"end":{"line":93,"column":16}},"93":{"start":{"line":94,"column":0},"end":{"line":94,"column":8}},"94":{"start":{"line":95,"column":0},"end":{"line":95,"column":0}},"95":{"start":{"line":96,"column":0},"end":{"line":96,"column":40}},"96":{"start":{"line":97,"column":0},"end":{"line":97,"column":0}},"97":{"start":{"line":98,"column":0},"end":{"line":98,"column":24}},"98":{"start":{"line":99,"column":0},"end":{"line":99,"column":22}},"99":{"start":{"line":100,"column":0},"end":{"line":100,"column":26}},"100":{"start":{"line":101,"column":0},"end":{"line":101,"column":38}},"101":{"start":{"line":102,"column":0},"end":{"line":102,"column":8}},"102":{"start":{"line":103,"column":0},"end":{"line":103,"column":0}},"103":{"start":{"line":104,"column":0},"end":{"line":104,"column":26}},"104":{"start":{"line":105,"column":0},"end":{"line":105,"column":45}},"105":{"start":{"line":106,"column":0},"end":{"line":106,"column":40}},"106":{"start":{"line":107,"column":0},"end":{"line":107,"column":8}},"107":{"start":{"line":108,"column":0},"end":{"line":108,"column":58}},"108":{"start":{"line":109,"column":0},"end":{"line":109,"column":40}},"109":{"start":{"line":110,"column":0},"end":{"line":110,"column":56}},"110":{"start":{"line":111,"column":0},"end":{"line":111,"column":22}},"111":{"start":{"line":112,"column":0},"end":{"line":112,"column":30}},"112":{"start":{"line":113,"column":0},"end":{"line":113,"column":48}},"113":{"start":{"line":114,"column":0},"end":{"line":114,"column":35}},"114":{"start":{"line":115,"column":0},"end":{"line":115,"column":62}},"115":{"start":{"line":116,"column":0},"end":{"line":116,"column":14}},"116":{"start":{"line":117,"column":0},"end":{"line":117,"column":18}},"117":{"start":{"line":118,"column":0},"end":{"line":118,"column":28}},"118":{"start":{"line":119,"column":0},"end":{"line":119,"column":62}},"119":{"start":{"line":120,"column":0},"end":{"line":120,"column":11}},"120":{"start":{"line":121,"column":0},"end":{"line":121,"column":7}},"121":{"start":{"line":122,"column":0},"end":{"line":122,"column":18}},"122":{"start":{"line":123,"column":0},"end":{"line":123,"column":24}},"123":{"start":{"line":124,"column":0},"end":{"line":124,"column":5}},"124":{"start":{"line":125,"column":0},"end":{"line":125,"column":4}},"125":{"start":{"line":126,"column":0},"end":{"line":126,"column":30}},"126":{"start":{"line":127,"column":0},"end":{"line":127,"column":9}},"127":{"start":{"line":128,"column":0},"end":{"line":128,"column":26}},"128":{"start":{"line":129,"column":0},"end":{"line":129,"column":30}},"129":{"start":{"line":130,"column":0},"end":{"line":130,"column":25}},"130":{"start":{"line":131,"column":0},"end":{"line":131,"column":35}},"131":{"start":{"line":132,"column":0},"end":{"line":132,"column":62}},"132":{"start":{"line":133,"column":0},"end":{"line":133,"column":14}},"133":{"start":{"line":134,"column":0},"end":{"line":134,"column":18}},"134":{"start":{"line":135,"column":0},"end":{"line":135,"column":28}},"135":{"start":{"line":136,"column":0},"end":{"line":136,"column":63}},"136":{"start":{"line":137,"column":0},"end":{"line":137,"column":11}},"137":{"start":{"line":138,"column":0},"end":{"line":138,"column":7}},"138":{"start":{"line":139,"column":0},"end":{"line":139,"column":5}},"139":{"start":{"line":140,"column":0},"end":{"line":140,"column":33}},"140":{"start":{"line":141,"column":0},"end":{"line":141,"column":4}},"141":{"start":{"line":142,"column":0},"end":{"line":142,"column":0}},"142":{"start":{"line":143,"column":0},"end":{"line":143,"column":68}},"143":{"start":{"line":144,"column":0},"end":{"line":144,"column":9}},"144":{"start":{"line":145,"column":0},"end":{"line":145,"column":46}},"145":{"start":{"line":146,"column":0},"end":{"line":146,"column":63}},"146":{"start":{"line":147,"column":0},"end":{"line":147,"column":7}},"147":{"start":{"line":148,"column":0},"end":{"line":148,"column":67}},"148":{"start":{"line":149,"column":0},"end":{"line":149,"column":13}},"149":{"start":{"line":150,"column":0},"end":{"line":150,"column":14}},"150":{"start":{"line":151,"column":0},"end":{"line":151,"column":16}},"151":{"start":{"line":152,"column":0},"end":{"line":152,"column":32}},"152":{"start":{"line":153,"column":0},"end":{"line":153,"column":21}},"153":{"start":{"line":154,"column":0},"end":{"line":154,"column":8}},"154":{"start":{"line":155,"column":0},"end":{"line":155,"column":24}},"155":{"start":{"line":156,"column":0},"end":{"line":156,"column":38}},"156":{"start":{"line":157,"column":0},"end":{"line":157,"column":42}},"157":{"start":{"line":158,"column":0},"end":{"line":158,"column":54}},"158":{"start":{"line":159,"column":0},"end":{"line":159,"column":8}},"159":{"start":{"line":160,"column":0},"end":{"line":160,"column":57}},"160":{"start":{"line":161,"column":0},"end":{"line":161,"column":47}},"161":{"start":{"line":162,"column":0},"end":{"line":162,"column":30}},"162":{"start":{"line":163,"column":0},"end":{"line":163,"column":30}},"163":{"start":{"line":164,"column":0},"end":{"line":164,"column":53}},"164":{"start":{"line":165,"column":0},"end":{"line":165,"column":35}},"165":{"start":{"line":166,"column":0},"end":{"line":166,"column":62}},"166":{"start":{"line":167,"column":0},"end":{"line":167,"column":14}},"167":{"start":{"line":168,"column":0},"end":{"line":168,"column":18}},"168":{"start":{"line":169,"column":0},"end":{"line":169,"column":28}},"169":{"start":{"line":170,"column":0},"end":{"line":170,"column":73}},"170":{"start":{"line":171,"column":0},"end":{"line":171,"column":11}},"171":{"start":{"line":172,"column":0},"end":{"line":172,"column":7}},"172":{"start":{"line":173,"column":0},"end":{"line":173,"column":18}},"173":{"start":{"line":174,"column":0},"end":{"line":174,"column":5}},"174":{"start":{"line":175,"column":0},"end":{"line":175,"column":4}},"175":{"start":{"line":176,"column":0},"end":{"line":176,"column":0}},"176":{"start":{"line":177,"column":0},"end":{"line":177,"column":10}},"177":{"start":{"line":178,"column":0},"end":{"line":178,"column":74}},"178":{"start":{"line":179,"column":0},"end":{"line":179,"column":16}},"179":{"start":{"line":180,"column":0},"end":{"line":180,"column":27}},"180":{"start":{"line":181,"column":0},"end":{"line":181,"column":4}},"181":{"start":{"line":182,"column":0},"end":{"line":182,"column":2}},"182":{"start":{"line":183,"column":0},"end":{"line":183,"column":0}},"183":{"start":{"line":184,"column":0},"end":{"line":184,"column":23}},"184":{"start":{"line":185,"column":0},"end":{"line":185,"column":42}},"185":{"start":{"line":186,"column":0},"end":{"line":186,"column":17}},"186":{"start":{"line":187,"column":0},"end":{"line":187,"column":67}},"187":{"start":{"line":188,"column":0},"end":{"line":188,"column":3}},"188":{"start":{"line":189,"column":0},"end":{"line":189,"column":17}},"189":{"start":{"line":190,"column":0},"end":{"line":190,"column":2}},"190":{"start":{"line":191,"column":0},"end":{"line":191,"column":0}},"191":{"start":{"line":192,"column":0},"end":{"line":192,"column":46}}},"s":{"0":1,"1":1,"2":1,"3":1,"4":1,"5":1,"6":1,"7":1,"8":1,"9":1,"10":1,"11":1,"12":1,"13":1,"14":1,"15":1,"16":1,"17":1,"18":1,"19":1,"20":12,"21":12,"22":2,"23":2,"24":2,"25":2,"26":2,"27":2,"28":2,"29":2,"30":12,"31":1,"32":1,"33":1,"34":1,"35":1,"36":1,"37":1,"38":1,"39":12,"40":2,"41":2,"42":2,"43":2,"44":2,"45":2,"46":2,"47":2,"48":12,"49":5,"50":5,"51":5,"52":5,"53":5,"54":12,"55":2,"56":12,"57":12,"58":1,"59":1,"60":24,"61":24,"62":24,"63":24,"64":24,"65":24,"66":24,"67":24,"68":24,"69":24,"70":24,"71":24,"72":24,"73":24,"74":24,"75":18,"76":24,"77":24,"78":24,"79":3,"80":3,"81":3,"82":3,"83":3,"84":3,"85":2,"86":2,"87":1,"88":1,"89":1,"90":1,"91":1,"92":1,"93":1,"94":1,"95":1,"96":1,"97":1,"98":1,"99":1,"100":1,"101":1,"102":1,"103":1,"104":1,"105":1,"106":1,"107":1,"108":1,"109":1,"110":1,"111":3,"112":2,"113":2,"114":2,"115":2,"116":0,"117":0,"118":0,"119":0,"120":0,"121":2,"122":2,"123":2,"124":24,"125":24,"126":0,"127":0,"128":0,"129":0,"130":0,"131":0,"132":0,"133":0,"134":0,"135":0,"136":0,"137":0,"138":0,"139":0,"140":24,"141":24,"142":24,"143":3,"144":3,"145":2,"146":2,"147":1,"148":1,"149":1,"150":1,"151":1,"152":1,"153":1,"154":1,"155":1,"156":1,"157":1,"158":1,"159":1,"160":1,"161":3,"162":2,"163":2,"164":2,"165":2,"166":2,"167":0,"168":0,"169":0,"170":0,"171":0,"172":2,"173":2,"174":24,"175":24,"176":24,"177":24,"178":24,"179":24,"180":24,"181":24,"182":1,"183":1,"184":18,"185":18,"186":0,"187":0,"188":18,"189":18,"190":1,"191":1},"branchMap":{"0":{"type":"branch","line":20,"loc":{"start":{"line":20,"column":27},"end":{"line":58,"column":2}},"locations":[{"start":{"line":20,"column":27},"end":{"line":58,"column":2}}]},"1":{"type":"branch","line":22,"loc":{"start":{"line":22,"column":4},"end":{"line":30,"column":5}},"locations":[{"start":{"line":22,"column":4},"end":{"line":30,"column":5}}]},"2":{"type":"branch","line":31,"loc":{"start":{"line":31,"column":4},"end":{"line":39,"column":5}},"locations":[{"start":{"line":31,"column":4},"end":{"line":39,"column":5}}]},"3":{"type":"branch","line":40,"loc":{"start":{"line":40,"column":4},"end":{"line":48,"column":5}},"locations":[{"start":{"line":40,"column":4},"end":{"line":48,"column":5}}]},"4":{"type":"branch","line":49,"loc":{"start":{"line":49,"column":4},"end":{"line":54,"column":5}},"locations":[{"start":{"line":49,"column":4},"end":{"line":54,"column":5}}]},"5":{"type":"branch","line":55,"loc":{"start":{"line":55,"column":4},"end":{"line":56,"column":19}},"locations":[{"start":{"line":55,"column":4},"end":{"line":56,"column":19}}]},"6":{"type":"branch","line":60,"loc":{"start":{"line":60,"column":21},"end":{"line":182,"column":2}},"locations":[{"start":{"line":60,"column":21},"end":{"line":182,"column":2}}]},"7":{"type":"branch","line":75,"loc":{"start":{"line":75,"column":12},"end":{"line":77,"column":3}},"locations":[{"start":{"line":75,"column":12},"end":{"line":77,"column":3}}]},"8":{"type":"branch","line":79,"loc":{"start":{"line":79,"column":16},"end":{"line":125,"column":3}},"locations":[{"start":{"line":79,"column":16},"end":{"line":125,"column":3}}]},"9":{"type":"branch","line":85,"loc":{"start":{"line":85,"column":26},"end":{"line":85,"column":46}},"locations":[{"start":{"line":85,"column":26},"end":{"line":85,"column":46}}]},"10":{"type":"branch","line":85,"loc":{"start":{"line":85,"column":48},"end":{"line":87,"column":7}},"locations":[{"start":{"line":85,"column":48},"end":{"line":87,"column":7}}]},"11":{"type":"branch","line":88,"loc":{"start":{"line":88,"column":-2},"end":{"line":112,"column":13}},"locations":[{"start":{"line":88,"column":-2},"end":{"line":112,"column":13}}]},"12":{"type":"branch","line":112,"loc":{"start":{"line":112,"column":6},"end":{"line":124,"column":5}},"locations":[{"start":{"line":112,"column":6},"end":{"line":124,"column":5}}]},"13":{"type":"branch","line":116,"loc":{"start":{"line":116,"column":7},"end":{"line":121,"column":7}},"locations":[{"start":{"line":116,"column":7},"end":{"line":121,"column":7}}]},"14":{"type":"branch","line":143,"loc":{"start":{"line":143,"column":24},"end":{"line":175,"column":3}},"locations":[{"start":{"line":143,"column":24},"end":{"line":175,"column":3}}]},"15":{"type":"branch","line":145,"loc":{"start":{"line":145,"column":23},"end":{"line":145,"column":43}},"locations":[{"start":{"line":145,"column":23},"end":{"line":145,"column":43}}]},"16":{"type":"branch","line":145,"loc":{"start":{"line":145,"column":45},"end":{"line":147,"column":7}},"locations":[{"start":{"line":145,"column":45},"end":{"line":147,"column":7}}]},"17":{"type":"branch","line":148,"loc":{"start":{"line":148,"column":-2},"end":{"line":162,"column":13}},"locations":[{"start":{"line":148,"column":-2},"end":{"line":162,"column":13}}]},"18":{"type":"branch","line":162,"loc":{"start":{"line":162,"column":6},"end":{"line":174,"column":5}},"locations":[{"start":{"line":162,"column":6},"end":{"line":174,"column":5}}]},"19":{"type":"branch","line":167,"loc":{"start":{"line":167,"column":7},"end":{"line":172,"column":7}},"locations":[{"start":{"line":167,"column":7},"end":{"line":172,"column":7}}]},"20":{"type":"branch","line":184,"loc":{"start":{"line":184,"column":16},"end":{"line":190,"column":2}},"locations":[{"start":{"line":184,"column":16},"end":{"line":190,"column":2}}]},"21":{"type":"branch","line":186,"loc":{"start":{"line":186,"column":16},"end":{"line":188,"column":3}},"locations":[{"start":{"line":186,"column":16},"end":{"line":188,"column":3}}]}},"b":{"0":[12],"1":[2],"2":[1],"3":[2],"4":[5],"5":[2],"6":[24],"7":[18],"8":[3],"9":[2],"10":[2],"11":[1],"12":[2],"13":[0],"14":[3],"15":[2],"16":[2],"17":[1],"18":[2],"19":[0],"20":[18],"21":[0]},"fnMap":{"0":{"name":"authReducer","decl":{"start":{"line":20,"column":27},"end":{"line":58,"column":2}},"loc":{"start":{"line":20,"column":27},"end":{"line":58,"column":2}},"line":20},"1":{"name":"AuthProvider","decl":{"start":{"line":60,"column":21},"end":{"line":182,"column":2}},"loc":{"start":{"line":60,"column":21},"end":{"line":182,"column":2}},"line":60},"2":{"name":"login","decl":{"start":{"line":79,"column":16},"end":{"line":125,"column":3}},"loc":{"start":{"line":79,"column":16},"end":{"line":125,"column":3}},"line":79},"3":{"name":"logout","decl":{"start":{"line":126,"column":17},"end":{"line":141,"column":3}},"loc":{"start":{"line":126,"column":17},"end":{"line":141,"column":3}},"line":126},"4":{"name":"createAccount","decl":{"start":{"line":143,"column":24},"end":{"line":175,"column":3}},"loc":{"start":{"line":143,"column":24},"end":{"line":175,"column":3}},"line":143},"5":{"name":"useAuth","decl":{"start":{"line":184,"column":16},"end":{"line":190,"column":2}},"loc":{"start":{"line":184,"column":16},"end":{"line":190,"column":2}},"line":184}},"f":{"0":12,"1":24,"2":3,"3":0,"4":3,"5":18}}
,"C:\\Users\\dylan\\Documents\\repos\\shoppingPlatformPractice\\src\\context\\ThemeContext.tsx": {"path":"C:\\Users\\dylan\\Documents\\repos\\shoppingPlatformPractice\\src\\context\\ThemeContext.tsx","all":false,"statementMap":{"0":{"start":{"line":1,"column":0},"end":{"line":1,"column":15}},"1":{"start":{"line":2,"column":0},"end":{"line":2,"column":60}},"2":{"start":{"line":3,"column":0},"end":{"line":3,"column":0}},"3":{"start":{"line":4,"column":0},"end":{"line":4,"column":57}},"4":{"start":{"line":5,"column":0},"end":{"line":5,"column":59}},"5":{"start":{"line":6,"column":0},"end":{"line":6,"column":0}},"6":{"start":{"line":7,"column":0},"end":{"line":7,"column":30}},"7":{"start":{"line":8,"column":0},"end":{"line":8,"column":0}},"8":{"start":{"line":9,"column":0},"end":{"line":9,"column":25}},"9":{"start":{"line":10,"column":0},"end":{"line":10,"column":15}},"10":{"start":{"line":11,"column":0},"end":{"line":11,"column":35}},"11":{"start":{"line":12,"column":0},"end":{"line":12,"column":2}},"12":{"start":{"line":13,"column":0},"end":{"line":13,"column":0}},"13":{"start":{"line":14,"column":0},"end":{"line":14,"column":76}},"14":{"start":{"line":15,"column":0},"end":{"line":15,"column":0}},"15":{"start":{"line":16,"column":0},"end":{"line":16,"column":72}},"16":{"start":{"line":17,"column":0},"end":{"line":17,"column":69}},"17":{"start":{"line":18,"column":0},"end":{"line":18,"column":10}},"18":{"start":{"line":19,"column":0},"end":{"line":19,"column":55}},"19":{"start":{"line":20,"column":0},"end":{"line":20,"column":16}},"20":{"start":{"line":21,"column":0},"end":{"line":21,"column":28}},"21":{"start":{"line":22,"column":0},"end":{"line":22,"column":4}},"22":{"start":{"line":23,"column":0},"end":{"line":23,"column":2}},"23":{"start":{"line":24,"column":0},"end":{"line":24,"column":0}},"24":{"start":{"line":25,"column":0},"end":{"line":25,"column":42}},"25":{"start":{"line":26,"column":0},"end":{"line":26,"column":43}},"26":{"start":{"line":27,"column":0},"end":{"line":27,"column":17}},"27":{"start":{"line":28,"column":0},"end":{"line":28,"column":68}},"28":{"start":{"line":29,"column":0},"end":{"line":29,"column":3}},"29":{"start":{"line":30,"column":0},"end":{"line":30,"column":17}},"30":{"start":{"line":31,"column":0},"end":{"line":31,"column":2}},"31":{"start":{"line":32,"column":0},"end":{"line":32,"column":0}},"32":{"start":{"line":33,"column":0},"end":{"line":33,"column":35}}},"s":{"0":1,"1":1,"2":1,"3":1,"4":1,"5":1,"6":1,"7":1,"8":1,"9":1,"10":1,"11":1,"12":1,"13":1,"14":1,"15":1,"16":3,"17":3,"18":3,"19":3,"20":3,"21":3,"22":3,"23":1,"24":1,"25":3,"26":3,"27":0,"28":0,"29":3,"30":3,"31":1,"32":1},"branchMap":{"0":{"type":"branch","line":16,"loc":{"start":{"line":16,"column":22},"end":{"line":23,"column":2}},"locations":[{"start":{"line":16,"column":22},"end":{"line":23,"column":2}}]},"1":{"type":"branch","line":25,"loc":{"start":{"line":25,"column":17},"end":{"line":31,"column":2}},"locations":[{"start":{"line":25,"column":17},"end":{"line":31,"column":2}}]},"2":{"type":"branch","line":27,"loc":{"start":{"line":27,"column":16},"end":{"line":29,"column":3}},"locations":[{"start":{"line":27,"column":16},"end":{"line":29,"column":3}}]}},"b":{"0":[3],"1":[3],"2":[0]},"fnMap":{"0":{"name":"ThemeProvider","decl":{"start":{"line":16,"column":22},"end":{"line":23,"column":2}},"loc":{"start":{"line":16,"column":22},"end":{"line":23,"column":2}},"line":16},"1":{"name":"useTheme","decl":{"start":{"line":25,"column":17},"end":{"line":31,"column":2}},"loc":{"start":{"line":25,"column":17},"end":{"line":31,"column":2}},"line":25}},"f":{"0":3,"1":3}}
,"C:\\Users\\dylan\\Documents\\repos\\shoppingPlatformPractice\\src\\hooks\\useLocalStorage.tsx": {"path":"C:\\Users\\dylan\\Documents\\repos\\shoppingPlatformPractice\\src\\hooks\\useLocalStorage.tsx","all":false,"statementMap":{"0":{"start":{"line":1,"column":0},"end":{"line":1,"column":44}},"1":{"start":{"line":2,"column":0},"end":{"line":2,"column":0}},"2":{"start":{"line":3,"column":0},"end":{"line":3,"column":78}},"3":{"start":{"line":4,"column":0},"end":{"line":4,"column":47}},"4":{"start":{"line":5,"column":0},"end":{"line":5,"column":48}},"5":{"start":{"line":6,"column":0},"end":{"line":6,"column":0}},"6":{"start":{"line":7,"column":0},"end":{"line":7,"column":27}},"7":{"start":{"line":8,"column":0},"end":{"line":8,"column":18}},"8":{"start":{"line":9,"column":0},"end":{"line":9,"column":61}},"9":{"start":{"line":10,"column":0},"end":{"line":10,"column":8}},"10":{"start":{"line":11,"column":0},"end":{"line":11,"column":57}},"11":{"start":{"line":12,"column":0},"end":{"line":12,"column":45}},"12":{"start":{"line":13,"column":0},"end":{"line":13,"column":41}},"13":{"start":{"line":14,"column":0},"end":{"line":14,"column":12}},"14":{"start":{"line":15,"column":0},"end":{"line":15,"column":26}},"15":{"start":{"line":16,"column":0},"end":{"line":16,"column":5}},"16":{"start":{"line":17,"column":0},"end":{"line":17,"column":5}},"17":{"start":{"line":18,"column":0},"end":{"line":18,"column":0}},"18":{"start":{"line":19,"column":0},"end":{"line":19,"column":19}},"19":{"start":{"line":20,"column":0},"end":{"line":20,"column":53}},"20":{"start":{"line":21,"column":0},"end":{"line":21,"column":19}},"21":{"start":{"line":22,"column":0},"end":{"line":22,"column":0}},"22":{"start":{"line":23,"column":0},"end":{"line":23,"column":62}},"23":{"start":{"line":24,"column":0},"end":{"line":24,"column":1}}},"s":{"0":1,"1":1,"2":24,"3":24,"4":6,"5":6,"6":6,"7":6,"8":6,"9":6,"10":6,"11":6,"12":0,"13":6,"14":1,"15":1,"16":24,"17":24,"18":24,"19":12,"20":24,"21":24,"22":24,"23":24},"branchMap":{"0":{"type":"branch","line":3,"loc":{"start":{"line":3,"column":0},"end":{"line":24,"column":1}},"locations":[{"start":{"line":3,"column":0},"end":{"line":24,"column":1}}]},"1":{"type":"branch","line":4,"loc":{"start":{"line":4,"column":40},"end":{"line":17,"column":3}},"locations":[{"start":{"line":4,"column":40},"end":{"line":17,"column":3}}]},"2":{"type":"branch","line":11,"loc":{"start":{"line":11,"column":28},"end":{"line":11,"column":57}},"locations":[{"start":{"line":11,"column":28},"end":{"line":11,"column":57}}]},"3":{"type":"branch","line":12,"loc":{"start":{"line":12,"column":-2},"end":{"line":12,"column":44}},"locations":[{"start":{"line":12,"column":-2},"end":{"line":12,"column":44}}]},"4":{"type":"branch","line":12,"loc":{"start":{"line":12,"column":44},"end":{"line":14,"column":5}},"locations":[{"start":{"line":12,"column":44},"end":{"line":14,"column":5}}]},"5":{"type":"branch","line":14,"loc":{"start":{"line":14,"column":5},"end":{"line":16,"column":5}},"locations":[{"start":{"line":14,"column":5},"end":{"line":16,"column":5}}]},"6":{"type":"branch","line":19,"loc":{"start":{"line":19,"column":12},"end":{"line":21,"column":3}},"locations":[{"start":{"line":19,"column":12},"end":{"line":21,"column":3}}]}},"b":{"0":[24],"1":[6],"2":[5],"3":[1],"4":[0],"5":[1],"6":[12]},"fnMap":{"0":{"name":"useLocalStorage","decl":{"start":{"line":3,"column":0},"end":{"line":24,"column":1}},"loc":{"start":{"line":3,"column":0},"end":{"line":24,"column":1}},"line":3}},"f":{"0":24}}
,"C:\\Users\\dylan\\Documents\\repos\\shoppingPlatformPractice\\src\\utilities\\firebaseConfig.ts": {"path":"C:\\Users\\dylan\\Documents\\repos\\shoppingPlatformPractice\\src\\utilities\\firebaseConfig.ts","all":false,"statementMap":{"0":{"start":{"line":1,"column":0},"end":{"line":1,"column":55}},"1":{"start":{"line":2,"column":0},"end":{"line":2,"column":45}},"2":{"start":{"line":3,"column":0},"end":{"line":3,"column":52}},"3":{"start":{"line":4,"column":0},"end":{"line":4,"column":40}},"4":{"start":{"line":5,"column":0},"end":{"line":5,"column":48}},"5":{"start":{"line":6,"column":0},"end":{"line":6,"column":60}},"6":{"start":{"line":7,"column":0},"end":{"line":7,"column":65}},"7":{"start":{"line":8,"column":0},"end":{"line":8,"column":0}},"8":{"start":{"line":9,"column":0},"end":{"line":9,"column":40}},"9":{"start":{"line":10,"column":0},"end":{"line":10,"column":67}},"10":{"start":{"line":11,"column":0},"end":{"line":11,"column":24}},"11":{"start":{"line":12,"column":0},"end":{"line":12,"column":52}},"12":{"start":{"line":13,"column":0},"end":{"line":13,"column":53}},"13":{"start":{"line":14,"column":0},"end":{"line":14,"column":36}},"14":{"start":{"line":15,"column":0},"end":{"line":15,"column":52}},"15":{"start":{"line":16,"column":0},"end":{"line":16,"column":35}},"16":{"start":{"line":17,"column":0},"end":{"line":17,"column":52}},"17":{"start":{"line":18,"column":0},"end":{"line":18,"column":32}},"18":{"start":{"line":19,"column":0},"end":{"line":19,"column":74}},"19":{"start":{"line":20,"column":0},"end":{"line":20,"column":2}},"20":{"start":{"line":21,"column":0},"end":{"line":21,"column":0}},"21":{"start":{"line":22,"column":0},"end":{"line":22,"column":22}},"22":{"start":{"line":23,"column":0},"end":{"line":23,"column":50}},"23":{"start":{"line":24,"column":0},"end":{"line":24,"column":38}},"24":{"start":{"line":25,"column":0},"end":{"line":25,"column":23}},"25":{"start":{"line":26,"column":0},"end":{"line":26,"column":42}},"26":{"start":{"line":27,"column":0},"end":{"line":27,"column":39}}},"s":{"0":1,"1":1,"2":1,"3":1,"4":1,"5":1,"6":1,"7":1,"8":1,"9":1,"10":1,"11":1,"12":1,"13":1,"14":1,"15":1,"16":1,"17":1,"18":1,"19":1,"20":1,"21":1,"22":1,"23":1,"24":1,"25":1,"26":1},"branchMap":{},"b":{},"fnMap":{},"f":{}}
}
