TN:
SF:src\components\cart\containers\CartItem.tsx
FN:7,CartItem
FNF:1
FNH:0
FNDA:0,CartItem
DA:1,1
DA:2,1
DA:3,1
DA:4,1
DA:5,1
DA:6,1
DA:7,0
DA:8,0
DA:9,0
DA:10,0
DA:11,0
DA:12,0
DA:13,0
DA:14,0
DA:15,0
DA:16,0
DA:17,0
DA:18,0
DA:19,0
DA:20,0
DA:21,0
DA:22,0
DA:23,0
DA:24,0
DA:25,0
DA:26,0
DA:27,0
DA:28,0
DA:29,0
DA:30,0
DA:31,0
DA:32,0
DA:33,0
DA:34,0
DA:35,0
DA:36,0
DA:37,0
DA:38,0
DA:39,0
DA:40,0
DA:41,0
DA:42,0
DA:43,0
DA:44,0
LF:44
LH:6
BRF:0
BRH:0
end_of_record
TN:
SF:src\components\cart\containers\DisplayCartItems.tsx
FN:9,DisplayCartItems
FNF:1
FNH:0
FNDA:0,DisplayCartItems
DA:1,1
DA:2,1
DA:3,1
DA:4,1
DA:5,1
DA:6,1
DA:7,1
DA:8,1
DA:9,0
DA:10,0
DA:11,0
DA:12,0
DA:13,0
DA:14,0
DA:15,0
DA:16,0
DA:17,0
DA:18,0
DA:19,0
DA:20,0
DA:21,0
DA:22,0
DA:23,0
DA:24,0
DA:25,0
DA:26,0
DA:27,0
DA:28,0
DA:29,0
DA:30,0
DA:31,0
DA:32,0
DA:33,0
DA:34,0
DA:35,0
DA:36,0
DA:37,0
DA:38,0
DA:39,0
DA:40,0
DA:41,0
DA:42,0
DA:43,0
DA:44,0
DA:45,0
DA:46,0
DA:47,0
DA:48,0
LF:48
LH:8
BRF:0
BRH:0
end_of_record
TN:
SF:src\components\cart\containers\ShoppingCart.tsx
FN:5,ShoppingCart
FNF:1
FNH:0
FNDA:0,ShoppingCart
DA:1,1
DA:2,1
DA:3,1
DA:4,1
DA:5,0
DA:6,0
DA:7,0
DA:8,0
DA:9,0
DA:10,0
DA:11,0
DA:12,0
DA:13,0
DA:14,0
DA:15,0
DA:16,0
DA:17,0
DA:18,0
DA:19,0
DA:20,0
DA:21,0
LF:21
LH:4
BRF:0
BRH:0
end_of_record
TN:
SF:src\components\header\AccountDropdown.tsx
FN:3,AccountDropDown
FNF:1
FNH:0
FNDA:0,AccountDropDown
DA:1,1
DA:2,1
DA:3,1
DA:4,0
DA:5,0
DA:6,0
DA:7,0
DA:8,0
DA:9,0
DA:10,0
DA:11,0
DA:12,0
DA:13,0
DA:14,0
DA:15,0
DA:16,0
DA:17,0
LF:17
LH:3
BRF:0
BRH:0
end_of_record
TN:
SF:src\components\header\Header.tsx
FN:13,Header
FNF:1
FNH:1
FNDA:3,Header
DA:1,1
DA:2,1
DA:3,1
DA:4,1
DA:5,1
DA:6,1
DA:7,1
DA:8,1
DA:9,1
DA:10,1
DA:11,1
DA:12,1
DA:13,3
DA:14,3
DA:15,3
DA:16,3
DA:17,3
DA:18,3
DA:19,3
DA:20,3
DA:21,3
DA:22,3
DA:23,3
DA:24,3
DA:25,3
DA:26,3
DA:27,3
DA:28,3
DA:29,3
DA:30,0
DA:31,3
DA:32,2
DA:33,2
DA:34,2
DA:35,3
DA:36,3
DA:37,3
DA:38,3
DA:39,0
DA:40,0
DA:41,0
DA:42,0
DA:43,0
DA:44,0
DA:45,3
DA:46,2
DA:47,3
DA:48,3
DA:49,3
DA:50,3
DA:51,3
DA:52,3
DA:53,3
DA:54,3
DA:55,3
LF:55
LH:48
BRDA:13,0,0,3
BRDA:29,1,0,0
BRDA:31,2,0,2
BRDA:38,3,0,0
BRDA:45,4,0,2
BRF:5
BRH:3
end_of_record
TN:
SF:src\components\header\Navbar.tsx
FN:3,Navbar
FNF:1
FNH:1
FNDA:2,Navbar
DA:1,1
DA:2,1
DA:3,1
DA:4,2
DA:5,2
DA:6,2
DA:7,2
DA:8,2
DA:9,2
DA:10,2
DA:11,2
DA:12,2
DA:13,2
DA:14,2
DA:15,2
DA:16,2
DA:17,2
DA:18,2
DA:19,2
DA:20,2
LF:20
LH:20
BRDA:3,0,0,2
BRF:1
BRH:1
end_of_record
TN:
SF:src\components\header\NavbarCartButton.tsx
FN:4,NavbarCartButton
FNF:1
FNH:0
FNDA:0,NavbarCartButton
DA:1,1
DA:2,1
DA:3,1
DA:4,0
DA:5,0
DA:6,0
DA:7,0
DA:8,0
DA:9,0
DA:10,0
DA:11,0
DA:12,0
DA:13,0
DA:14,0
DA:15,0
DA:16,0
DA:17,0
DA:18,0
DA:19,0
DA:20,0
DA:21,0
DA:22,0
DA:23,0
DA:24,0
DA:25,0
DA:26,0
DA:27,0
DA:28,0
DA:29,0
DA:30,0
DA:31,0
DA:32,0
DA:33,0
DA:34,0
DA:35,0
DA:36,0
LF:36
LH:3
BRF:0
BRH:0
end_of_record
TN:
SF:src\components\header\SearchBar.tsx
FN:8,SearchBar
FN:45,loader
FNF:2
FNH:2
FNDA:2,SearchBar
FNDA:1,loader
DA:1,1
DA:2,1
DA:3,1
DA:4,1
DA:5,1
DA:6,1
DA:7,1
DA:8,2
DA:9,2
DA:10,2
DA:11,2
DA:12,2
DA:13,2
DA:14,2
DA:15,2
DA:16,2
DA:17,0
DA:18,0
DA:19,0
DA:20,0
DA:21,0
DA:22,0
DA:23,0
DA:24,0
DA:25,2
DA:26,2
DA:27,2
DA:28,2
DA:29,2
DA:30,2
DA:31,2
DA:32,2
DA:33,2
DA:34,2
DA:35,2
DA:36,2
DA:37,2
DA:38,2
DA:39,2
DA:40,2
DA:41,2
DA:42,2
DA:43,2
DA:44,1
DA:45,1
DA:46,1
DA:47,1
DA:48,1
DA:49,1
LF:49
LH:41
BRDA:8,0,0,2
BRDA:40,1,0,0
BRDA:45,2,0,1
BRF:3
BRH:2
end_of_record
TN:
SF:src\components\header\ThemeToggle.tsx
FN:6,ThemeToggle
FN:9,toggleTheme
FNF:2
FNH:1
FNDA:5,ThemeToggle
FNDA:0,toggleTheme
DA:1,1
DA:2,1
DA:3,1
DA:4,1
DA:5,1
DA:6,1
DA:7,5
DA:8,5
DA:9,5
DA:10,0
DA:11,5
DA:12,5
DA:13,5
DA:14,5
DA:15,5
DA:16,5
DA:17,5
DA:18,5
DA:19,5
DA:20,5
DA:21,5
DA:22,5
DA:23,5
DA:24,5
DA:25,5
LF:25
LH:24
BRDA:6,0,0,5
BRDA:21,1,0,0
BRDA:21,2,0,0
BRF:3
BRH:1
end_of_record
TN:
SF:src\context\AuthContext.tsx
FN:20,authReducer
FN:60,AuthProvider
FN:79,login
FN:115,logout
FN:132,createAccount
FN:168,useAuth
FNF:6
FNH:2
FNDA:0,authReducer
FNDA:3,AuthProvider
FNDA:0,login
FNDA:0,logout
FNDA:0,createAccount
FNDA:2,useAuth
DA:1,1
DA:2,1
DA:3,1
DA:4,1
DA:5,1
DA:6,1
DA:7,1
DA:8,1
DA:9,1
DA:10,1
DA:11,1
DA:12,1
DA:13,1
DA:14,1
DA:15,1
DA:16,1
DA:17,1
DA:18,1
DA:19,1
DA:20,1
DA:21,0
DA:22,0
DA:23,0
DA:24,0
DA:25,0
DA:26,0
DA:27,0
DA:28,0
DA:29,0
DA:30,0
DA:31,0
DA:32,0
DA:33,0
DA:34,0
DA:35,0
DA:36,0
DA:37,0
DA:38,0
DA:39,0
DA:40,0
DA:41,0
DA:42,0
DA:43,0
DA:44,0
DA:45,0
DA:46,0
DA:47,0
DA:48,0
DA:49,0
DA:50,0
DA:51,0
DA:52,0
DA:53,0
DA:54,0
DA:55,0
DA:56,0
DA:57,0
DA:58,0
DA:59,1
DA:60,1
DA:61,3
DA:62,3
DA:63,3
DA:64,3
DA:65,3
DA:66,3
DA:67,3
DA:68,3
DA:69,3
DA:70,3
DA:71,3
DA:72,3
DA:73,3
DA:74,3
DA:75,3
DA:76,0
DA:77,3
DA:78,3
DA:79,3
DA:80,0
DA:81,0
DA:82,0
DA:83,0
DA:84,0
DA:85,0
DA:86,0
DA:87,0
DA:88,0
DA:89,0
DA:90,0
DA:91,0
DA:92,0
DA:93,0
DA:94,0
DA:95,0
DA:96,0
DA:97,0
DA:98,0
DA:99,0
DA:100,0
DA:101,0
DA:102,0
DA:103,0
DA:104,0
DA:105,0
DA:106,0
DA:107,0
DA:108,0
DA:109,0
DA:110,0
DA:111,0
DA:112,0
DA:113,3
DA:114,3
DA:115,3
DA:116,0
DA:117,0
DA:118,0
DA:119,0
DA:120,0
DA:121,0
DA:122,0
DA:123,0
DA:124,0
DA:125,0
DA:126,0
DA:127,0
DA:128,0
DA:129,0
DA:130,3
DA:131,3
DA:132,3
DA:133,0
DA:134,0
DA:135,0
DA:136,0
DA:137,0
DA:138,0
DA:139,0
DA:140,0
DA:141,0
DA:142,0
DA:143,0
DA:144,0
DA:145,0
DA:146,0
DA:147,0
DA:148,0
DA:149,0
DA:150,0
DA:151,0
DA:152,0
DA:153,0
DA:154,0
DA:155,0
DA:156,0
DA:157,0
DA:158,0
DA:159,3
DA:160,3
DA:161,3
DA:162,3
DA:163,3
DA:164,3
DA:165,3
DA:166,3
DA:167,1
DA:168,1
DA:169,2
DA:170,2
DA:171,0
DA:172,0
DA:173,2
DA:174,2
DA:175,1
DA:176,1
LF:176
LH:62
BRDA:60,0,0,3
BRDA:168,1,0,2
BRDA:170,2,0,0
BRF:3
BRH:2
end_of_record
TN:
SF:src\context\ShoppingCartContext.tsx
FN:13,useShoppingCart
FN:16,ShoppingCartProvider
FNF:2
FNH:1
FNDA:3,useShoppingCart
FNDA:0,ShoppingCartProvider
DA:1,1
DA:2,1
DA:3,1
DA:4,1
DA:5,1
DA:6,1
DA:7,1
DA:8,1
DA:9,1
DA:10,1
DA:11,1
DA:12,1
DA:13,3
DA:14,3
DA:15,3
DA:16,0
DA:17,0
DA:18,0
DA:19,0
DA:20,0
DA:21,0
DA:22,0
DA:23,0
DA:24,0
DA:25,0
DA:26,0
DA:27,0
DA:28,0
DA:29,0
DA:30,0
DA:31,0
DA:32,0
DA:33,0
DA:34,0
DA:35,0
DA:36,0
DA:37,0
DA:38,0
DA:39,0
DA:40,0
DA:41,0
DA:42,0
DA:43,0
DA:44,0
DA:45,0
DA:46,0
DA:47,0
DA:48,0
DA:49,0
DA:50,0
DA:51,0
DA:52,0
DA:53,0
DA:54,0
DA:55,0
DA:56,0
DA:57,0
DA:58,0
DA:59,0
DA:60,0
DA:61,0
DA:62,0
DA:63,0
DA:64,0
DA:65,0
DA:66,0
DA:67,0
DA:68,0
DA:69,0
DA:70,0
DA:71,0
DA:72,0
DA:73,0
DA:74,0
DA:75,0
DA:76,0
DA:77,0
DA:78,0
DA:79,0
DA:80,0
DA:81,0
DA:82,0
DA:83,0
DA:84,0
DA:85,0
DA:86,0
DA:87,0
DA:88,0
DA:89,0
DA:90,0
DA:91,0
DA:92,0
DA:93,0
DA:94,0
DA:95,0
DA:96,0
DA:97,0
LF:97
LH:15
BRDA:13,0,0,3
BRF:1
BRH:1
end_of_record
TN:
SF:src\context\ThemeContext.tsx
FN:16,ThemeProvider
FN:25,useTheme
FNF:2
FNH:1
FNDA:0,ThemeProvider
FNDA:5,useTheme
DA:1,1
DA:2,1
DA:3,1
DA:4,1
DA:5,1
DA:6,1
DA:7,1
DA:8,1
DA:9,1
DA:10,1
DA:11,1
DA:12,1
DA:13,1
DA:14,1
DA:15,1
DA:16,1
DA:17,0
DA:18,0
DA:19,0
DA:20,0
DA:21,0
DA:22,0
DA:23,0
DA:24,1
DA:25,1
DA:26,5
DA:27,5
DA:28,4
DA:29,4
DA:30,0
DA:31,0
DA:32,1
DA:33,1
LF:33
LH:24
BRDA:25,0,0,5
BRDA:27,1,0,4
BRDA:30,2,0,0
BRF:3
BRH:2
end_of_record
TN:
SF:src\hooks\useDebounce.tsx
FN:2,useDebounce
FN:16,debouncedCallback
FNF:2
FNH:1
FNDA:2,useDebounce
FNDA:0,debouncedCallback
DA:1,1
DA:2,1
DA:3,2
DA:4,2
DA:5,2
DA:6,2
DA:7,2
DA:8,2
DA:9,0
DA:10,0
DA:11,0
DA:12,0
DA:13,0
DA:14,2
DA:15,2
DA:16,2
DA:17,0
DA:18,0
DA:19,0
DA:20,0
DA:21,0
DA:22,0
DA:23,2
DA:24,2
DA:25,2
LF:25
LH:14
BRDA:2,0,0,2
BRF:1
BRH:1
end_of_record
TN:
SF:src\hooks\useLocalStorage.tsx
FN:3,useLocalStorage
FNF:1
FNH:1
FNDA:2,useLocalStorage
DA:1,1
DA:2,1
DA:3,2
DA:4,2
DA:5,2
DA:6,2
DA:7,2
DA:8,2
DA:9,2
DA:10,2
DA:11,2
DA:12,2
DA:13,0
DA:14,2
DA:15,2
DA:16,2
DA:17,2
DA:18,2
DA:19,2
DA:20,0
DA:21,2
DA:22,2
DA:23,2
DA:24,2
LF:24
LH:22
BRDA:3,0,0,2
BRDA:4,1,0,2
BRDA:11,2,0,0
BRDA:12,3,0,0
BRF:4
BRH:2
end_of_record
TN:
SF:src\utilities\firebaseConfig.ts
FNF:0
FNH:0
DA:1,1
DA:2,1
DA:3,1
DA:4,1
DA:5,1
DA:6,1
DA:7,1
DA:8,1
DA:9,1
DA:10,1
DA:11,1
DA:12,1
DA:13,1
DA:14,1
DA:15,1
DA:16,1
DA:17,1
DA:18,1
DA:19,1
DA:20,1
DA:21,1
DA:22,1
DA:23,1
DA:24,1
DA:25,1
DA:26,1
DA:27,1
LF:27
LH:27
BRF:0
BRH:0
end_of_record
TN:
SF:src\utilities\formatCurrency.ts
FN:6,formatCurrency
FNF:1
FNH:0
FNDA:0,formatCurrency
DA:1,1
DA:2,1
DA:3,1
DA:4,1
DA:5,1
DA:6,0
DA:7,0
DA:8,0
LF:8
LH:5
BRF:0
BRH:0
end_of_record
