TN:
SF:src\context\AuthContext.tsx
FN:20,authReducer
FN:60,AuthProvider
FN:79,login
FN:126,logout
FN:143,createAccount
FN:184,useAuth
FNF:6
FNH:5
FNDA:12,authReducer
FNDA:24,AuthProvider
FNDA:3,login
FNDA:0,logout
FNDA:3,createAccount
FNDA:18,useAuth
DA:1,1
DA:2,1
DA:3,1
DA:4,1
DA:5,1
DA:6,1
DA:7,1
DA:8,1
DA:9,1
DA:10,1
DA:11,1
DA:12,1
DA:13,1
DA:14,1
DA:15,1
DA:16,1
DA:17,1
DA:18,1
DA:19,1
DA:20,1
DA:21,12
DA:22,12
DA:23,2
DA:24,2
DA:25,2
DA:26,2
DA:27,2
DA:28,2
DA:29,2
DA:30,2
DA:31,12
DA:32,1
DA:33,1
DA:34,1
DA:35,1
DA:36,1
DA:37,1
DA:38,1
DA:39,1
DA:40,12
DA:41,2
DA:42,2
DA:43,2
DA:44,2
DA:45,2
DA:46,2
DA:47,2
DA:48,2
DA:49,12
DA:50,5
DA:51,5
DA:52,5
DA:53,5
DA:54,5
DA:55,12
DA:56,2
DA:57,12
DA:58,12
DA:59,1
DA:60,1
DA:61,24
DA:62,24
DA:63,24
DA:64,24
DA:65,24
DA:66,24
DA:67,24
DA:68,24
DA:69,24
DA:70,24
DA:71,24
DA:72,24
DA:73,24
DA:74,24
DA:75,24
DA:76,18
DA:77,24
DA:78,24
DA:79,24
DA:80,3
DA:81,3
DA:82,3
DA:83,3
DA:84,3
DA:85,3
DA:86,2
DA:87,2
DA:88,1
DA:89,1
DA:90,1
DA:91,1
DA:92,1
DA:93,1
DA:94,1
DA:95,1
DA:96,1
DA:97,1
DA:98,1
DA:99,1
DA:100,1
DA:101,1
DA:102,1
DA:103,1
DA:104,1
DA:105,1
DA:106,1
DA:107,1
DA:108,1
DA:109,1
DA:110,1
DA:111,1
DA:112,3
DA:113,2
DA:114,2
DA:115,2
DA:116,2
DA:117,0
DA:118,0
DA:119,0
DA:120,0
DA:121,0
DA:122,2
DA:123,2
DA:124,2
DA:125,24
DA:126,24
DA:127,0
DA:128,0
DA:129,0
DA:130,0
DA:131,0
DA:132,0
DA:133,0
DA:134,0
DA:135,0
DA:136,0
DA:137,0
DA:138,0
DA:139,0
DA:140,0
DA:141,24
DA:142,24
DA:143,24
DA:144,3
DA:145,3
DA:146,2
DA:147,2
DA:148,1
DA:149,1
DA:150,1
DA:151,1
DA:152,1
DA:153,1
DA:154,1
DA:155,1
DA:156,1
DA:157,1
DA:158,1
DA:159,1
DA:160,1
DA:161,1
DA:162,3
DA:163,2
DA:164,2
DA:165,2
DA:166,2
DA:167,2
DA:168,0
DA:169,0
DA:170,0
DA:171,0
DA:172,0
DA:173,2
DA:174,2
DA:175,24
DA:176,24
DA:177,24
DA:178,24
DA:179,24
DA:180,24
DA:181,24
DA:182,24
DA:183,1
DA:184,1
DA:185,18
DA:186,18
DA:187,0
DA:188,0
DA:189,18
DA:190,18
DA:191,1
DA:192,1
LF:192
LH:166
BRDA:20,0,0,12
BRDA:22,1,0,2
BRDA:31,2,0,1
BRDA:40,3,0,2
BRDA:49,4,0,5
BRDA:55,5,0,2
BRDA:60,6,0,24
BRDA:75,7,0,18
BRDA:79,8,0,3
BRDA:85,9,0,2
BRDA:85,10,0,2
BRDA:88,11,0,1
BRDA:112,12,0,2
BRDA:116,13,0,0
BRDA:143,14,0,3
BRDA:145,15,0,2
BRDA:145,16,0,2
BRDA:148,17,0,1
BRDA:162,18,0,2
BRDA:167,19,0,0
BRDA:184,20,0,18
BRDA:186,21,0,0
BRF:22
BRH:19
end_of_record
TN:
SF:src\context\ThemeContext.tsx
FN:16,ThemeProvider
FN:25,useTheme
FNF:2
FNH:2
FNDA:3,ThemeProvider
FNDA:3,useTheme
DA:1,1
DA:2,1
DA:3,1
DA:4,1
DA:5,1
DA:6,1
DA:7,1
DA:8,1
DA:9,1
DA:10,1
DA:11,1
DA:12,1
DA:13,1
DA:14,1
DA:15,1
DA:16,1
DA:17,3
DA:18,3
DA:19,3
DA:20,3
DA:21,3
DA:22,3
DA:23,3
DA:24,1
DA:25,1
DA:26,3
DA:27,3
DA:28,0
DA:29,0
DA:30,3
DA:31,3
DA:32,1
DA:33,1
LF:33
LH:31
BRDA:16,0,0,3
BRDA:25,1,0,3
BRDA:27,2,0,0
BRF:3
BRH:2
end_of_record
TN:
SF:src\hooks\useLocalStorage.tsx
FN:3,useLocalStorage
FNF:1
FNH:1
FNDA:24,useLocalStorage
DA:1,1
DA:2,1
DA:3,24
DA:4,24
DA:5,6
DA:6,6
DA:7,6
DA:8,6
DA:9,6
DA:10,6
DA:11,6
DA:12,6
DA:13,0
DA:14,6
DA:15,1
DA:16,1
DA:17,24
DA:18,24
DA:19,24
DA:20,12
DA:21,24
DA:22,24
DA:23,24
DA:24,24
LF:24
LH:23
BRDA:3,0,0,24
BRDA:4,1,0,6
BRDA:11,2,0,5
BRDA:12,3,0,1
BRDA:12,4,0,0
BRDA:14,5,0,1
BRDA:19,6,0,12
BRF:7
BRH:6
end_of_record
TN:
SF:src\utilities\firebaseConfig.ts
FNF:0
FNH:0
DA:1,1
DA:2,1
DA:3,1
DA:4,1
DA:5,1
DA:6,1
DA:7,1
DA:8,1
DA:9,1
DA:10,1
DA:11,1
DA:12,1
DA:13,1
DA:14,1
DA:15,1
DA:16,1
DA:17,1
DA:18,1
DA:19,1
DA:20,1
DA:21,1
DA:22,1
DA:23,1
DA:24,1
DA:25,1
DA:26,1
DA:27,1
LF:27
LH:27
BRF:0
BRH:0
end_of_record
